<?xml version="1.0" encoding="UTF-8"?>
<testsuite name="com.jojoedu.book.springboot.web.dto.HelloResponseDtoTest" tests="1" skipped="0" failures="0" errors="0" timestamp="2023-02-17T05:19:14" hostname="gim-ugjong-ui-MacBookAir.local" time="0.021">
  <properties/>
  <testcase name="롬복_기능_테스트" classname="com.jojoedu.book.springboot.web.dto.HelloResponseDtoTest" time="0.021"/>
  <system-out><![CDATA[]]></system-out>
  <system-err><![CDATA[]]></system-err>
</testsuite>
